  [4;36;1mSQL (0.1ms)[0m   [0;1mSET SQL_AUTO_IS_NULL=0[0m


Processing ApplicationController#index (for 127.0.0.1 at 2010-04-05 14:52:52) [GET]

ActionController::RoutingError (No route matches "/products" with {:method=>:get}):
  passenger (2.2.9) lib/phusion_passenger/rack/request_handler.rb:92:in `process_request'
  passenger (2.2.9) lib/phusion_passenger/abstract_request_handler.rb:207:in `main_loop'
  passenger (2.2.9) lib/phusion_passenger/railz/application_spawner.rb:400:in `start_request_handler'
  passenger (2.2.9) lib/phusion_passenger/railz/application_spawner.rb:351:in `handle_spawn_application'
  passenger (2.2.9) lib/phusion_passenger/utils.rb:184:in `safe_fork'
  passenger (2.2.9) lib/phusion_passenger/railz/application_spawner.rb:349:in `handle_spawn_application'
  passenger (2.2.9) lib/phusion_passenger/abstract_server.rb:352:in `__send__'
  passenger (2.2.9) lib/phusion_passenger/abstract_server.rb:352:in `main_loop'
  passenger (2.2.9) lib/phusion_passenger/abstract_server.rb:196:in `start_synchronously'
  passenger (2.2.9) lib/phusion_passenger/abstract_server.rb:163:in `start'
  passenger (2.2.9) lib/phusion_passenger/railz/application_spawner.rb:209:in `start'
  passenger (2.2.9) lib/phusion_passenger/spawn_manager.rb:262:in `spawn_rails_application'
  passenger (2.2.9) lib/phusion_passenger/abstract_server_collection.rb:126:in `lookup_or_add'
  passenger (2.2.9) lib/phusion_passenger/spawn_manager.rb:256:in `spawn_rails_application'
  passenger (2.2.9) lib/phusion_passenger/abstract_server_collection.rb:80:in `synchronize'
  passenger (2.2.9) lib/phusion_passenger/abstract_server_collection.rb:79:in `synchronize'
  passenger (2.2.9) lib/phusion_passenger/spawn_manager.rb:255:in `spawn_rails_application'
  passenger (2.2.9) lib/phusion_passenger/spawn_manager.rb:154:in `spawn_application'
  passenger (2.2.9) lib/phusion_passenger/spawn_manager.rb:287:in `handle_spawn_application'
  passenger (2.2.9) lib/phusion_passenger/abstract_server.rb:352:in `__send__'
  passenger (2.2.9) lib/phusion_passenger/abstract_server.rb:352:in `main_loop'
  passenger (2.2.9) lib/phusion_passenger/abstract_server.rb:196:in `start_synchronously'

Rendering rescues/layout (not_found)
  [4;35;1mSQL (0.1ms)[0m   [0mSET SQL_AUTO_IS_NULL=0[0m


Processing ApplicationController#index (for 127.0.0.1 at 2010-04-05 14:53:01) [GET]

ActionController::RoutingError (No route matches "/" with {:method=>:get}):
  passenger (2.2.9) lib/phusion_passenger/rack/request_handler.rb:92:in `process_request'
  passenger (2.2.9) lib/phusion_passenger/abstract_request_handler.rb:207:in `main_loop'
  passenger (2.2.9) lib/phusion_passenger/railz/application_spawner.rb:400:in `start_request_handler'
  passenger (2.2.9) lib/phusion_passenger/railz/application_spawner.rb:351:in `handle_spawn_application'
  passenger (2.2.9) lib/phusion_passenger/utils.rb:184:in `safe_fork'
  passenger (2.2.9) lib/phusion_passenger/railz/application_spawner.rb:349:in `handle_spawn_application'
  passenger (2.2.9) lib/phusion_passenger/abstract_server.rb:352:in `__send__'
  passenger (2.2.9) lib/phusion_passenger/abstract_server.rb:352:in `main_loop'
  passenger (2.2.9) lib/phusion_passenger/abstract_server.rb:196:in `start_synchronously'
  passenger (2.2.9) lib/phusion_passenger/abstract_server.rb:163:in `start'
  passenger (2.2.9) lib/phusion_passenger/railz/application_spawner.rb:209:in `start'
  passenger (2.2.9) lib/phusion_passenger/spawn_manager.rb:262:in `spawn_rails_application'
  passenger (2.2.9) lib/phusion_passenger/abstract_server_collection.rb:126:in `lookup_or_add'
  passenger (2.2.9) lib/phusion_passenger/spawn_manager.rb:256:in `spawn_rails_application'
  passenger (2.2.9) lib/phusion_passenger/abstract_server_collection.rb:80:in `synchronize'
  passenger (2.2.9) lib/phusion_passenger/abstract_server_collection.rb:79:in `synchronize'
  passenger (2.2.9) lib/phusion_passenger/spawn_manager.rb:255:in `spawn_rails_application'
  passenger (2.2.9) lib/phusion_passenger/spawn_manager.rb:154:in `spawn_application'
  passenger (2.2.9) lib/phusion_passenger/spawn_manager.rb:287:in `handle_spawn_application'
  passenger (2.2.9) lib/phusion_passenger/abstract_server.rb:352:in `__send__'
  passenger (2.2.9) lib/phusion_passenger/abstract_server.rb:352:in `main_loop'
  passenger (2.2.9) lib/phusion_passenger/abstract_server.rb:196:in `start_synchronously'

Rendering rescues/layout (not_found)
